<?xml version="1.0" encoding="UTF-8"?>
<testsuite xmlns:xsi="http://www.w3.org/2001/XMLSchema-instance" xsi:noNamespaceSchemaLocation="https://maven.apache.org/surefire/maven-surefire-plugin/xsd/surefire-test-report.xsd" name="login.LoginTest" time="0.146" tests="1" errors="1" skipped="0" failures="0">
  <properties>
[...]
</properties>
  <testcase name="T" classname="login.LoginTest" time="0.018">
    <error message="Unresolved compilation problems: &#10;	Unhandled exception type ProtocolException&#10;	Unhandled exception type IOException&#10;" type="java.lang.Error">java.lang.Error: 
Unresolved compilation problems: 
	Unhandled exception type ProtocolException
	Unhandled exception type IOException

	at login.LoginTest.T(LoginTest.java:12)
</error>
  </testcase>
</testsuite>